2020-02-14 === [main] === INFO  === cn.yuanyuan.YtApplicationLanch ==== Starting YtApplicationLanch on DESKTOP-B5BNFMI with PID 5784 (D:\projects\yt-springboot\target\classes started by 13727 in D:\projects\yt-springboot)
2020-02-14 === [main] === INFO  === cn.yuanyuan.YtApplicationLanch ==== No active profile set, falling back to default profiles: default
2020-02-14 === [main] === INFO  === o.s.b.c.e.AnnotationConfigEmbeddedWebApplicationContext ==== Refreshing org.springframework.boot.context.embedded.AnnotationConfigEmbeddedWebApplicationContext@482cd91f: startup date [Fri Feb 14 09:39:23 CST 2020]; root of context hierarchy
2020-02-14 === [main] === INFO  === o.s.b.c.e.tomcat.TomcatEmbeddedServletContainer ==== Tomcat initialized with port(s): 8080 (http)
2020-02-14 === [main] === INFO  === org.apache.catalina.core.StandardService ==== Starting service [Tomcat]
2020-02-14 === [main] === INFO  === org.apache.catalina.core.StandardEngine ==== Starting Servlet Engine: Apache Tomcat/8.5.23
2020-02-14 === [localhost-startStop-1] === INFO  === o.a.c.core.ContainerBase.[Tomcat].[localhost].[/] ==== Initializing Spring embedded WebApplicationContext
2020-02-14 === [localhost-startStop-1] === INFO  === org.springframework.web.context.ContextLoader ==== Root WebApplicationContext: initialization completed in 1017 ms
2020-02-14 === [localhost-startStop-1] === INFO  === o.s.boot.web.servlet.ServletRegistrationBean ==== Mapping servlet: 'dispatcherServlet' to [/]
2020-02-14 === [localhost-startStop-1] === INFO  === o.s.boot.web.servlet.FilterRegistrationBean ==== Mapping filter: 'characterEncodingFilter' to: [/*]
2020-02-14 === [localhost-startStop-1] === INFO  === o.s.boot.web.servlet.FilterRegistrationBean ==== Mapping filter: 'hiddenHttpMethodFilter' to: [/*]
2020-02-14 === [localhost-startStop-1] === INFO  === o.s.boot.web.servlet.FilterRegistrationBean ==== Mapping filter: 'httpPutFormContentFilter' to: [/*]
2020-02-14 === [localhost-startStop-1] === INFO  === o.s.boot.web.servlet.FilterRegistrationBean ==== Mapping filter: 'requestContextFilter' to: [/*]
2020-02-14 === [main] === INFO  === o.s.w.s.m.m.a.RequestMappingHandlerAdapter ==== Looking for @ControllerAdvice: org.springframework.boot.context.embedded.AnnotationConfigEmbeddedWebApplicationContext@482cd91f: startup date [Fri Feb 14 09:39:23 CST 2020]; root of context hierarchy
2020-02-14 === [main] === INFO  === o.s.w.s.m.m.a.RequestMappingHandlerMapping ==== Mapped "{[/error]}" onto public org.springframework.http.ResponseEntity<java.util.Map<java.lang.String, java.lang.Object>> org.springframework.boot.autoconfigure.web.BasicErrorController.error(javax.servlet.http.HttpServletRequest)
2020-02-14 === [main] === INFO  === o.s.w.s.m.m.a.RequestMappingHandlerMapping ==== Mapped "{[/error],produces=[text/html]}" onto public org.springframework.web.servlet.ModelAndView org.springframework.boot.autoconfigure.web.BasicErrorController.errorHtml(javax.servlet.http.HttpServletRequest,javax.servlet.http.HttpServletResponse)
2020-02-14 === [main] === INFO  === o.s.web.servlet.handler.SimpleUrlHandlerMapping ==== Mapped URL path [/webjars/**] onto handler of type [class org.springframework.web.servlet.resource.ResourceHttpRequestHandler]
2020-02-14 === [main] === INFO  === o.s.web.servlet.handler.SimpleUrlHandlerMapping ==== Mapped URL path [/**] onto handler of type [class org.springframework.web.servlet.resource.ResourceHttpRequestHandler]
2020-02-14 === [main] === INFO  === o.s.web.servlet.handler.SimpleUrlHandlerMapping ==== Mapped URL path [/**/favicon.ico] onto handler of type [class org.springframework.web.servlet.resource.ResourceHttpRequestHandler]
2020-02-14 === [main] === INFO  === o.s.jmx.export.annotation.AnnotationMBeanExporter ==== Registering beans for JMX exposure on startup
2020-02-14 === [main] === INFO  === o.s.b.c.e.tomcat.TomcatEmbeddedServletContainer ==== Tomcat started on port(s): 8080 (http)
2020-02-14 === [main] === INFO  === cn.yuanyuan.YtApplicationLanch ==== Started YtApplicationLanch in 1.883 seconds (JVM running for 3.711)
